2020-06-07 15:32:50,432 - INFO - Вызов функции: add_new c аргументами <__main__.PhoneBook object at 0x107afe7f0> ,Имя: Jhon
Фамилия: Smith
Телефон: +71234567809
В избранных: нет
Дополнительная информация:
	telegram: @jhony
	email: jhony@smith.com

2020-06-07 15:32:50,432 - INFO - Результат: Контакт Jhon Smith успешно добавлен.
2020-06-07 15:32:50,433 - INFO - Вызов функции: add_new c аргументами <__main__.PhoneBook object at 0x107afe7f0> ,Имя: Derek
Фамилия: Nolan
Телефон: +71234560987
В избранных: да
Дополнительная информация:
	instagram: @dnolan
	email: derek@gmail.com

2020-06-07 15:32:50,433 - INFO - Вызов функции: add_new c аргументами <__main__.PhoneBook object at 0x107afe7f0> ,Имя: Derek
Фамилия: Nolan
Телефон: +71234560987
В избранных: да
Дополнительная информация:
	instagram: @dnolan
	email: derek@gmail.com

2020-06-07 15:32:50,433 - INFO - Результат: Контакт Derek Nolan успешно добавлен.
2020-06-07 15:32:50,433 - INFO - Результат: Контакт Derek Nolan успешно добавлен.
2020-06-07 15:32:50,434 - INFO - Вызов функции: show_favs c аргументами <__main__.PhoneBook object at 0x107afe7f0>
2020-06-07 15:32:50,434 - INFO - Результат: Имя: Derek
Фамилия: Nolan
Телефон: +71234560987
В избранных: да
Дополнительная информация:
	instagram: @dnolan
	email: derek@gmail.com

2020-06-07 15:32:50,434 - INFO - Вызов функции: delete_contact c аргументами <__main__.PhoneBook object at 0x107afe7f0> ,+71234567809
2020-06-07 15:32:50,434 - INFO - Результат: Контакт Jhon Smith успешно удален.
2020-06-07 15:32:50,435 - INFO - Вызов функции: show_contacts c аргументами <__main__.PhoneBook object at 0x107afe7f0>
2020-06-07 15:32:50,435 - INFO - Результат: Имя: Derek
Фамилия: Nolan
Телефон: +71234560987
В избранных: да
Дополнительная информация:
	instagram: @dnolan
	email: derek@gmail.com

2020-06-07 15:32:50,435 - INFO - Вызов функции: search_contact c аргументами <__main__.PhoneBook object at 0x107afe7f0> ,Derek Nolan
2020-06-07 15:32:50,436 - INFO - Результат: Имя: Derek
Фамилия: Nolan
Телефон: +71234560987
В избранных: да
Дополнительная информация:
	instagram: @dnolan
	email: derek@gmail.com

